[therocketcad.com/auth.html]
[backblue.gif]
[fade.gif]
[index.html]
[dhtiece9044ep.cloudfront.net/package/early_js/dd268d133928160ce0477aa496e40e77dc989e7bf0f4dba4f88bcf7132d53b15/xfalse/early.js]
[therocketcad.com/GET]
[d1muf25xaso8hp.cloudfront.net/https_/s3.amazonaws.com/appforest_uf/f1607398421758x310319832057080600/rocketfav8078.png]
[s3.amazonaws.com/appforest_uf/f1600740001427x664342470266162400/newfav.png]
[s3.amazonaws.com/appforest_uf/f1600740007223x457916876591996740/newfav.png]
[s3.amazonaws.com/appforest_uf/f1600740009756x926692865096240500/newfav.png]
[d1muf25xaso8hp.cloudfront.net/https_/s3.amazonaws.com/appforest_uf/f1600739997219x358740466022938750/newfav72b2.png]
[dhtiece9044ep.cloudfront.net/package/run_css/689a68ddc90f02c1892ed9b6c7ce4dddbf78d1ec59be1d9799e61c7fb1b1039b/summer-edition/live/auth/xfalse/xfalse/run.css]
[dhtiece9044ep.cloudfront.net/package/run_js/346f0d550b0acc3332f5906d23d3cf9a478023bae17ac061ba87cdf4b44fea3c/xtrue/x11/run.js]
[dhtiece9044ep.cloudfront.net/package/static_js/e11a517c5981ad91d76e43a7530277e9a1e75f9488766dc9cfe032f794344787/summer-edition/live/auth/xnull/xfalse/xfalse/xtrue/static.js]
[dd7tel2830j4w.cloudfront.net/f1618227041113x740068462949819800/clipboard.min.js]
[dhtiece9044ep.cloudfront.net/package/dynamic_js/62b68ec861db3046449cb53d7052f17492b194c3a5c6a4ebfe528021b696f4c1/summer-edition/live/auth/xnull/xfalse/xtrue/en_us/xfalse/xfalse/dynamic.js]
[cdnjs.cloudflare.com/ajax/libs/mousetrap/1.6.1/mousetrap.min.js]
[cdnjs.cloudflare.com/ajax/libs/mousetrap/1.6.1/plugins/global-bind/mousetrap-global-bind.min.js]
[cdnjs.cloudflare.com/ajax/libs/mousetrap/1.6.1/plugins/pause/mousetrap-pause.min.js]
[dd7tel2830j4w.cloudfront.net/f1524852433168x992834718199446800/countUp.js]
[therocketcad.com/POST.14.delayed]
[therocketcad.com/auth.html]
[therocketcad.com/GET.html]
[dhtiece9044ep.cloudfront.net/package/run_css/689a68ddc90f02c1892ed9b6c7ce4dddbf78d1ec59be1d9799e61c7fb1b1039b/summer-edition/live/auth/xfalse/xfalse/run.css]
[dd7tel2830j4w.cloudfront.net/f1515787244548x896531696431338800/jquery.toast.min.css]
[dd7tel2830j4w.cloudfront.net/f1515787259500x424569011898711300/jquery.toast.min.js]
[therocketcad.com/POST.html]
